<?xml version="1.0" encoding="UTF-8"?>
<testsuite name="TestKtTest" tests="1" skipped="0" failures="0" errors="0" timestamp="2024-04-29T18:17:52" hostname="fv-az770-114" time="0.028">
  <properties/>
  <testcase name="testMain()" classname="TestKtTest" time="0.028"/>
  <system-out><![CDATA[1
]]></system-out>
  <system-err><![CDATA[]]></system-err>
</testsuite>
